0 info it worked if it ends with ok
1 verbose cli [ '/usr/bin/nodejs',
1 verbose cli   '/usr/bin/npm',
1 verbose cli   'install',
1 verbose cli   'babel-cli',
1 verbose cli   'babel-core',
1 verbose cli   'babel-preset-2015' ]
2 info using npm@3.5.2
3 info using node@v4.2.6
4 silly loadCurrentTree Starting
5 silly install loadCurrentTree
6 silly install readLocalPackageData
7 silly fetchPackageMetaData babel-cli
8 silly fetchPackageMetaData babel-core
9 silly fetchPackageMetaData babel-preset-2015
10 silly fetchNamedPackageData babel-cli
11 silly mapToRegistry name babel-cli
12 silly mapToRegistry using default registry
13 silly mapToRegistry registry https://registry.npmjs.org/
14 silly mapToRegistry uri https://registry.npmjs.org/babel-cli
15 silly fetchNamedPackageData babel-core
16 silly mapToRegistry name babel-core
17 silly mapToRegistry using default registry
18 silly mapToRegistry registry https://registry.npmjs.org/
19 silly mapToRegistry uri https://registry.npmjs.org/babel-core
20 silly fetchNamedPackageData babel-preset-2015
21 silly mapToRegistry name babel-preset-2015
22 silly mapToRegistry using default registry
23 silly mapToRegistry registry https://registry.npmjs.org/
24 silly mapToRegistry uri https://registry.npmjs.org/babel-preset-2015
25 verbose request uri https://registry.npmjs.org/babel-preset-2015
26 verbose request no auth needed
27 info attempt registry request try #1 at 5:37:43 PM
28 verbose request id 93a513fbe9896d4d
29 http request GET https://registry.npmjs.org/babel-preset-2015
30 verbose request uri https://registry.npmjs.org/babel-cli
31 verbose request no auth needed
32 info attempt registry request try #1 at 5:37:43 PM
33 verbose etag W/"5896d9a2-14419"
34 verbose lastModified Sun, 05 Feb 2017 07:52:02 GMT
35 http request GET https://registry.npmjs.org/babel-cli
36 verbose request uri https://registry.npmjs.org/babel-core
37 verbose request no auth needed
38 info attempt registry request try #1 at 5:37:43 PM
39 verbose etag W/"58970548-721d7"
40 verbose lastModified Sun, 05 Feb 2017 10:58:16 GMT
41 http request GET https://registry.npmjs.org/babel-core
42 http 304 https://registry.npmjs.org/babel-cli
43 verbose headers { date: 'Sun, 12 Feb 2017 10:37:44 GMT',
43 verbose headers   via: '1.1 varnish',
43 verbose headers   'cache-control': 'max-age=300',
43 verbose headers   etag: 'W/"5896d9a2-14419"',
43 verbose headers   age: '11',
43 verbose headers   connection: 'keep-alive',
43 verbose headers   'x-served-by': 'cache-sin6923-SIN',
43 verbose headers   'x-cache': 'HIT',
43 verbose headers   'x-cache-hits': '1',
43 verbose headers   'x-timer': 'S1486895864.077280,VS0,VE0',
43 verbose headers   vary: 'Accept-Encoding' }
44 silly get cb [ 304,
44 silly get   { date: 'Sun, 12 Feb 2017 10:37:44 GMT',
44 silly get     via: '1.1 varnish',
44 silly get     'cache-control': 'max-age=300',
44 silly get     etag: 'W/"5896d9a2-14419"',
44 silly get     age: '11',
44 silly get     connection: 'keep-alive',
44 silly get     'x-served-by': 'cache-sin6923-SIN',
44 silly get     'x-cache': 'HIT',
44 silly get     'x-cache-hits': '1',
44 silly get     'x-timer': 'S1486895864.077280,VS0,VE0',
44 silly get     vary: 'Accept-Encoding' } ]
45 verbose etag https://registry.npmjs.org/babel-cli from cache
46 verbose get saving babel-cli to /home/dikyarga/.npm/registry.npmjs.org/babel-cli/.cache.json
47 http 200 https://registry.npmjs.org/babel-core
48 verbose headers { server: 'nginx/1.10.1',
48 verbose headers   'content-type': 'application/json',
48 verbose headers   'last-modified': 'Sun, 12 Feb 2017 06:09:47 GMT',
48 verbose headers   etag: 'W/"589ffc2b-721eb"',
48 verbose headers   'content-encoding': 'gzip',
48 verbose headers   'cache-control': 'max-age=300',
48 verbose headers   'content-length': '25774',
48 verbose headers   'accept-ranges': 'bytes',
48 verbose headers   date: 'Sun, 12 Feb 2017 10:37:44 GMT',
48 verbose headers   via: '1.1 varnish',
48 verbose headers   age: '12',
48 verbose headers   connection: 'keep-alive',
48 verbose headers   'x-served-by': 'cache-sin6924-SIN',
48 verbose headers   'x-cache': 'HIT',
48 verbose headers   'x-cache-hits': '1',
48 verbose headers   'x-timer': 'S1486895864.080327,VS0,VE0',
48 verbose headers   vary: 'Accept-Encoding' }
49 silly get cb [ 200,
49 silly get   { server: 'nginx/1.10.1',
49 silly get     'content-type': 'application/json',
49 silly get     'last-modified': 'Sun, 12 Feb 2017 06:09:47 GMT',
49 silly get     etag: 'W/"589ffc2b-721eb"',
49 silly get     'content-encoding': 'gzip',
49 silly get     'cache-control': 'max-age=300',
49 silly get     'content-length': '25774',
49 silly get     'accept-ranges': 'bytes',
49 silly get     date: 'Sun, 12 Feb 2017 10:37:44 GMT',
49 silly get     via: '1.1 varnish',
49 silly get     age: '12',
49 silly get     connection: 'keep-alive',
49 silly get     'x-served-by': 'cache-sin6924-SIN',
49 silly get     'x-cache': 'HIT',
49 silly get     'x-cache-hits': '1',
49 silly get     'x-timer': 'S1486895864.080327,VS0,VE0',
49 silly get     vary: 'Accept-Encoding' } ]
50 verbose get saving babel-core to /home/dikyarga/.npm/registry.npmjs.org/babel-core/.cache.json
51 http 404 https://registry.npmjs.org/babel-preset-2015
52 verbose headers { 'content-type': 'application/json',
52 verbose headers   'cache-control': 'max-age=0',
52 verbose headers   'content-length': '2',
52 verbose headers   'accept-ranges': 'bytes',
52 verbose headers   date: 'Sun, 12 Feb 2017 10:37:45 GMT',
52 verbose headers   via: '1.1 varnish',
52 verbose headers   age: '0',
52 verbose headers   connection: 'keep-alive',
52 verbose headers   'x-served-by': 'cache-sin6925-SIN',
52 verbose headers   'x-cache': 'MISS',
52 verbose headers   'x-cache-hits': '0',
52 verbose headers   'x-timer': 'S1486895864.077670,VS0,VE983',
52 verbose headers   vary: 'Accept-Encoding' }
53 silly get cb [ 404,
53 silly get   { 'content-type': 'application/json',
53 silly get     'cache-control': 'max-age=0',
53 silly get     'content-length': '2',
53 silly get     'accept-ranges': 'bytes',
53 silly get     date: 'Sun, 12 Feb 2017 10:37:45 GMT',
53 silly get     via: '1.1 varnish',
53 silly get     age: '0',
53 silly get     connection: 'keep-alive',
53 silly get     'x-served-by': 'cache-sin6925-SIN',
53 silly get     'x-cache': 'MISS',
53 silly get     'x-cache-hits': '0',
53 silly get     'x-timer': 'S1486895864.077670,VS0,VE983',
53 silly get     vary: 'Accept-Encoding' } ]
54 silly fetchPackageMetaData Error: Registry returned 404 for GET on https://registry.npmjs.org/babel-preset-2015
54 silly fetchPackageMetaData     at makeError (/usr/share/npm/node_modules/npm-registry-client/lib/request.js:264:12)
54 silly fetchPackageMetaData     at CachingRegistryClient.<anonymous> (/usr/share/npm/node_modules/npm-registry-client/lib/request.js:242:14)
54 silly fetchPackageMetaData     at Request._callback (/usr/share/npm/node_modules/npm-registry-client/lib/request.js:172:14)
54 silly fetchPackageMetaData     at Request.self.callback (/usr/share/npm/node_modules/request/request.js:198:22)
54 silly fetchPackageMetaData     at emitTwo (events.js:87:13)
54 silly fetchPackageMetaData     at Request.emit (events.js:172:7)
54 silly fetchPackageMetaData     at Request.<anonymous> (/usr/share/npm/node_modules/request/request.js:1082:10)
54 silly fetchPackageMetaData     at emitOne (events.js:82:20)
54 silly fetchPackageMetaData     at Request.emit (events.js:169:7)
54 silly fetchPackageMetaData     at IncomingMessage.<anonymous> (/usr/share/npm/node_modules/request/request.js:1009:12)
54 silly fetchPackageMetaData  error for babel-preset-2015 { [Error: Registry returned 404 for GET on https://registry.npmjs.org/babel-preset-2015] pkgid: 'babel-preset-2015', statusCode: 404, code: 'E404' }
55 silly rollbackFailedOptional Starting
56 silly rollbackFailedOptional Finishing
57 silly runTopLevelLifecycles Starting
58 silly runTopLevelLifecycles Finishing
59 silly install printInstalled
60 verbose stack Error: Registry returned 404 for GET on https://registry.npmjs.org/babel-preset-2015
60 verbose stack     at makeError (/usr/share/npm/node_modules/npm-registry-client/lib/request.js:264:12)
60 verbose stack     at CachingRegistryClient.<anonymous> (/usr/share/npm/node_modules/npm-registry-client/lib/request.js:242:14)
60 verbose stack     at Request._callback (/usr/share/npm/node_modules/npm-registry-client/lib/request.js:172:14)
60 verbose stack     at Request.self.callback (/usr/share/npm/node_modules/request/request.js:198:22)
60 verbose stack     at emitTwo (events.js:87:13)
60 verbose stack     at Request.emit (events.js:172:7)
60 verbose stack     at Request.<anonymous> (/usr/share/npm/node_modules/request/request.js:1082:10)
60 verbose stack     at emitOne (events.js:82:20)
60 verbose stack     at Request.emit (events.js:169:7)
60 verbose stack     at IncomingMessage.<anonymous> (/usr/share/npm/node_modules/request/request.js:1009:12)
61 verbose statusCode 404
62 verbose pkgid babel-preset-2015
63 verbose cwd /home/dikyarga/hacktiv8/week-2/sudoku-3
64 error Linux 4.4.0-62-generic
65 error argv "/usr/bin/nodejs" "/usr/bin/npm" "install" "babel-cli" "babel-core" "babel-preset-2015"
66 error node v4.2.6
67 error npm  v3.5.2
68 error code E404
69 error 404 Registry returned 404 for GET on https://registry.npmjs.org/babel-preset-2015
70 error 404
71 error 404 'babel-preset-2015' is not in the npm registry.
72 error 404 You should bug the author to publish it (or use the name yourself!)
73 error 404 Note that you can also install from a
74 error 404 tarball, folder, http url, or git url.
75 verbose exit [ 1, true ]
